<?xml version="1.0" encoding="UTF-8"?>
<!-- Generated by org.testng.reporters.JUnitXMLReporter -->
<testsuite ignored="0" hostname="LAPTOP-PN4GH1FS" failures="0" tests="4" name="Default test" time="96.07" errors="0" timestamp="2021-05-18T16:55:27 IST">
  <testcase classname="com.tb.test.TestScenarios" name="Test1" time="1.719"/>
  <testcase classname="com.tb.test.TestScenarios" name="Test2" time="2.026"/>
  <testcase classname="com.tb.test.TestScenarios" name="Test3" time="0.383"/>
  <testcase classname="com.tb.test.TestScenarios" name="Test4" time="31.16"/>
</testsuite> <!-- Default test -->
