<?xml version="1.0" encoding="UTF-8"?>
<testng-results ignored="0" total="4" passed="4" failed="0" skipped="0">
  <reporter-output>
  </reporter-output>
  <suite started-at="2021-05-18T16:53:49 IST" name="Default suite" finished-at="2021-05-18T16:55:25 IST" duration-ms="96070">
    <groups>
    </groups>
    <test started-at="2021-05-18T16:53:49 IST" name="Default test" finished-at="2021-05-18T16:55:25 IST" duration-ms="96070">
      <class name="com.tb.test.TestScenarios">
        <test-method is-config="true" signature="setUpStep()[pri:0, instance:com.tb.test.TestScenarios@6302bbb1]" started-at="2021-05-18T16:53:49 IST" name="setUpStep" finished-at="2021-05-18T16:54:46 IST" duration-ms="56410" status="PASS">
          <reporter-output>
          </reporter-output>
        </test-method> <!-- setUpStep -->
        <test-method signature="Test1()[pri:1, instance:com.tb.test.TestScenarios@6302bbb1]" started-at="2021-05-18T16:54:46 IST" name="Test1" finished-at="2021-05-18T16:54:48 IST" duration-ms="1719" status="PASS">
          <reporter-output>
          </reporter-output>
        </test-method> <!-- Test1 -->
        <test-method signature="Test2()[pri:2, instance:com.tb.test.TestScenarios@6302bbb1]" started-at="2021-05-18T16:54:48 IST" name="Test2" finished-at="2021-05-18T16:54:50 IST" duration-ms="2026" status="PASS">
          <reporter-output>
          </reporter-output>
        </test-method> <!-- Test2 -->
        <test-method signature="Test3()[pri:3, instance:com.tb.test.TestScenarios@6302bbb1]" started-at="2021-05-18T16:54:50 IST" name="Test3" finished-at="2021-05-18T16:54:50 IST" duration-ms="383" status="PASS">
          <reporter-output>
          </reporter-output>
        </test-method> <!-- Test3 -->
        <test-method signature="Test4()[pri:4, instance:com.tb.test.TestScenarios@6302bbb1]" started-at="2021-05-18T16:54:50 IST" name="Test4" finished-at="2021-05-18T16:55:21 IST" duration-ms="31160" status="PASS">
          <reporter-output>
          </reporter-output>
        </test-method> <!-- Test4 -->
        <test-method is-config="true" signature="CloseDriver()[pri:0, instance:com.tb.test.TestScenarios@6302bbb1]" started-at="2021-05-18T16:55:21 IST" name="CloseDriver" finished-at="2021-05-18T16:55:25 IST" duration-ms="3923" status="PASS">
          <reporter-output>
          </reporter-output>
        </test-method> <!-- CloseDriver -->
      </class> <!-- com.tb.test.TestScenarios -->
    </test> <!-- Default test -->
  </suite> <!-- Default suite -->
</testng-results>
